[debug] [2023-08-29T09:16:43.620Z] ----------------------------------------------------------------------
[debug] [2023-08-29T09:16:43.621Z] Command:       C:\Program Files\nodejs\node.exe C:\Users\Asus\AppData\Roaming\npm\node_modules\firebase-tools\lib\bin\firebase.js init
[debug] [2023-08-29T09:16:43.621Z] CLI Version:   12.5.2
[debug] [2023-08-29T09:16:43.621Z] Platform:      win32
[debug] [2023-08-29T09:16:43.621Z] Node Version:  v18.17.0
[debug] [2023-08-29T09:16:43.622Z] Time:          Tue Aug 29 2023 16:16:43 GMT+0700 (เวลาอินโดจีน)
[debug] [2023-08-29T09:16:43.622Z] ----------------------------------------------------------------------
[debug] 
[debug] [2023-08-29T09:16:43.626Z] > command requires scopes: ["email","openid","https://www.googleapis.com/auth/cloudplatformprojects.readonly","https://www.googleapis.com/auth/firebase","https://www.googleapis.com/auth/cloud-platform"]
[debug] [2023-08-29T09:16:43.627Z] > authorizing via signed-in user (euaangkoon.boon@bumail.net)
[info] 
     ######## #### ########  ######## ########     ###     ######  ########
     ##        ##  ##     ## ##       ##     ##  ##   ##  ##       ##
     ######    ##  ########  ######   ########  #########  ######  ######
     ##        ##  ##    ##  ##       ##     ## ##     ##       ## ##
     ##       #### ##     ## ######## ########  ##     ##  ######  ########

You're about to initialize a Firebase project in this directory:

  D:\โปรเจค\Eua

[info] 
=== Project Setup
[info] 
[info] First, let's associate this project directory with a Firebase project.
[info] You can create multiple project aliases by running firebase use --add, 
[info] but for now we'll just set up a default project.
[info] 
[debug] [2023-08-29T09:17:17.333Z] >>> [apiv2][query] GET https://firebase.googleapis.com/v1beta1/projects pageSize=100
[debug] [2023-08-29T09:17:19.102Z] <<< [apiv2][status] GET https://firebase.googleapis.com/v1beta1/projects 200
[debug] [2023-08-29T09:17:19.102Z] <<< [apiv2][body] GET https://firebase.googleapis.com/v1beta1/projects [omitted]
[info] i  Using project hospital-d368e (Hospital) 
[info] 
=== Hosting Setup
[info] 
[info] Your public directory is the folder (relative to your project directory) that
[info] will contain Hosting assets to be uploaded with firebase deploy. If you
[info] have a build process for your assets, use your build's output directory.
[info] 
