[debug] [2023-08-29T09:32:00.253Z] ----------------------------------------------------------------------
[debug] [2023-08-29T09:32:00.254Z] Command:       C:\Program Files\nodejs\node.exe C:\Users\Asus\AppData\Roaming\npm\node_modules\firebase-tools\lib\bin\firebase.js init
[debug] [2023-08-29T09:32:00.255Z] CLI Version:   12.5.2
[debug] [2023-08-29T09:32:00.255Z] Platform:      win32
[debug] [2023-08-29T09:32:00.255Z] Node Version:  v18.17.0
[debug] [2023-08-29T09:32:00.256Z] Time:          Tue Aug 29 2023 16:32:00 GMT+0700 (เวลาอินโดจีน)
[debug] [2023-08-29T09:32:00.256Z] ----------------------------------------------------------------------
[debug] 
[debug] [2023-08-29T09:32:00.260Z] > command requires scopes: ["email","openid","https://www.googleapis.com/auth/cloudplatformprojects.readonly","https://www.googleapis.com/auth/firebase","https://www.googleapis.com/auth/cloud-platform"]
[debug] [2023-08-29T09:32:00.260Z] > authorizing via signed-in user (euaangkoon.boon@bumail.net)
[info] 
     ######## #### ########  ######## ########     ###     ######  ########
     ##        ##  ##     ## ##       ##     ##  ##   ##  ##       ##
     ######    ##  ########  ######   ########  #########  ######  ######
     ##        ##  ##    ##  ##       ##     ## ##     ##       ## ##
     ##       #### ##     ## ######## ########  ##     ##  ######  ########

You're about to initialize a Firebase project in this directory:

  D:\โปรเจค\Eua\server

[info] 
=== Project Setup
[info] 
[info] First, let's associate this project directory with a Firebase project.
[info] You can create multiple project aliases by running firebase use --add, 
[info] but for now we'll just set up a default project.
[info] 
[debug] [2023-08-29T09:32:11.760Z] >>> [apiv2][query] GET https://firebase.googleapis.com/v1beta1/projects pageSize=100
[debug] [2023-08-29T09:32:13.533Z] <<< [apiv2][status] GET https://firebase.googleapis.com/v1beta1/projects 200
[debug] [2023-08-29T09:32:13.533Z] <<< [apiv2][body] GET https://firebase.googleapis.com/v1beta1/projects [omitted]
